<?xml version="1.0" encoding="UTF-8"?>
<!-- Generated by org.testng.reporters.JUnitReportReporter -->
<testsuite hostname="DESKTOP-AODV14P" failures="0" tests="2" name="automation.StandAloneTest" time="18.208" errors="0" timestamp="26 Feb 2024 16:38:39 GMT" skipped="0">
  <testcase classname="automation.StandAloneTest" name="submitOrder" time="8.865"/>
  <testcase classname="automation.StandAloneTest" name="submitOrder" time="9.343"/>
</testsuite> <!-- automation.StandAloneTest -->
